<!DOCTYPE html>

<html>
  <head>
  <meta charset='utf-8'>
  <title>TestNG reports</title>

    <link type="text/css" href="testng-reports1.css" rel="stylesheet" id="ultra" />
    <link type="text/css" href="testng-reports.css" rel="stylesheet" id="retro" disabled="false"/>
    <script type="text/javascript" src="jquery-3.6.0.min.js"></script>
    <script type="text/javascript" src="testng-reports.js"></script>
    <script type="text/javascript" src="https://www.google.com/jsapi"></script>
    <script type='text/javascript'>
      google.load('visualization', '1', {packages:['table']});
      google.setOnLoadCallback(drawTable);
      var suiteTableInitFunctions = new Array();
      var suiteTableData = new Array();
    </script>
    <!--
      <script type="text/javascript" src="jquery-ui/js/jquery-ui-1.8.16.custom.min.js"></script>
     -->
  </head>

  <body>    <div class="top-banner-root">
      <span class="top-banner-title-font">Test results</span>
      <button id="button" class="button">Switch Retro Theme</button> <!-- button -->
      <br/>
      <span class="top-banner-font-1">1 suite, 5 failed tests</span>
    </div> <!-- top-banner-root -->
    <div class="navigator-root">
      <div class="navigator-suite-header">
        <span>All suites</span>
        <a href="#" title="Collapse/expand all the suites" class="collapse-all-link">
          <img src="collapseall.gif" class="collapse-all-icon">
          </img> <!-- collapse-all-icon -->
        </a> <!-- collapse-all-link -->
      </div> <!-- navigator-suite-header -->
      <div class="suite">
        <div class="rounded-window">
          <div class="suite-header light-rounded-window-top">
            <a href="#" panel-name="suite-Default_suite" class="navigator-link">
              <span class="suite-name border-failed">Default suite</span>
            </a> <!-- navigator-link -->
          </div> <!-- suite-header light-rounded-window-top -->
          <div class="navigator-suite-content">
            <div class="suite-section-title">
              <span>Info</span>
            </div> <!-- suite-section-title -->
            <div class="suite-section-content">
              <ul>
                <li>
                  <a href="#" panel-name="test-xml-Default_suite" class="navigator-link ">
                    <span>C:\Users\sanilped\AppData\Local\Temp\testng-eclipse-53924231\testng-customsuite.xml</span>
                  </a> <!-- navigator-link  -->
                </li>
                <li>
                  <a href="#" panel-name="testlist-Default_suite" class="navigator-link ">
                    <span class="test-stats">1 test</span>
                  </a> <!-- navigator-link  -->
                </li>
                <li>
                  <a href="#" panel-name="group-Default_suite" class="navigator-link ">
                    <span>0 groups</span>
                  </a> <!-- navigator-link  -->
                </li>
                <li>
                  <a href="#" panel-name="times-Default_suite" class="navigator-link ">
                    <span>Times</span>
                  </a> <!-- navigator-link  -->
                </li>
                <li>
                  <a href="#" panel-name="reporter-Default_suite" class="navigator-link ">
                    <span>Reporter output</span>
                  </a> <!-- navigator-link  -->
                </li>
                <li>
                  <a href="#" panel-name="ignored-methods-Default_suite" class="navigator-link ">
                    <span>Ignored methods</span>
                  </a> <!-- navigator-link  -->
                </li>
                <li>
                  <a href="#" panel-name="chronological-Default_suite" class="navigator-link ">
                    <span>Chronological view</span>
                  </a> <!-- navigator-link  -->
                </li>
              </ul>
            </div> <!-- suite-section-content -->
            <div class="result-section">
              <div class="suite-section-title">
                <span>Results</span>
              </div> <!-- suite-section-title -->
              <div class="suite-section-content">
                <ul>
                  <li>
                    <span class="method-stats">13 methods, 5 failed,   8 passed</span>
                  </li>
                  <li>
                    <span class="method-list-title failed">Failed methods</span>
                    <span class="show-or-hide-methods failed">
                      <a href="#" panel-name="suite-Default_suite" class="hide-methods failed suite-Default_suite"> (hide)</a> <!-- hide-methods failed suite-Default_suite -->
                      <a href="#" panel-name="suite-Default_suite" class="show-methods failed suite-Default_suite"> (show)</a> <!-- show-methods failed suite-Default_suite -->
                    </span>
                    <div class="method-list-content failed suite-Default_suite">
                      <span>
                        <img src="failed.png" width="3%"/>
                        <a href="#" panel-name="suite-Default_suite" title="com.test.DummyTester" class="method navigator-link" hash-for-method="EligibilityErrTest">EligibilityErrTest</a> <!-- method navigator-link -->
                      </span>
                      <br/>
                      <span>
                        <img src="failed.png" width="3%"/>
                        <a href="#" panel-name="suite-Default_suite" title="com.test.DummyTester" class="method navigator-link" hash-for-method="EligiblilityCalculationTest(10001, 0, 1, 5, 4.09 Lac, 7000)">EligiblilityCalculationTest(10001, 0, 1, 5, 4.09 Lac, 7000)</a> <!-- method navigator-link -->
                      </span>
                      <br/>
                      <span>
                        <img src="failed.png" width="3%"/>
                        <a href="#" panel-name="suite-Default_suite" title="com.test.DummyTester" class="method navigator-link" hash-for-method="EligiblilityCalculationTest(99999999, 0, 1, 5, 409.50 Cr, 6.99 Cr)">EligiblilityCalculationTest(99999999, 0, 1, 5, 409.50 Cr, 6.99 Cr)</a> <!-- method navigator-link -->
                      </span>
                      <br/>
                      <span>
                        <img src="failed.png" width="3%"/>
                        <a href="#" panel-name="suite-Default_suite" title="com.test.DummyTester" class="method navigator-link" hash-for-method="EligiblilityCalculationTest(10000, 0, 1, 5, 4.09 Lac, 7000)">EligiblilityCalculationTest(10000, 0, 1, 5, 4.09 Lac, 7000)</a> <!-- method navigator-link -->
                      </span>
                      <br/>
                      <span>
                        <img src="failed.png" width="3%"/>
                        <a href="#" panel-name="suite-Default_suite" title="com.test.DummyTester" class="method navigator-link" hash-for-method="EligiblilityCalculationTest(100000000, 0, 1, 5, 409.50 Cr, 7 Cr)">EligiblilityCalculationTest(100000000, 0, 1, 5, 409.50 Cr, 7 Cr)</a> <!-- method navigator-link -->
                      </span>
                      <br/>
                    </div> <!-- method-list-content failed suite-Default_suite -->
                  </li>
                  <li>
                    <span class="method-list-title passed">Passed methods</span>
                    <span class="show-or-hide-methods passed">
                      <a href="#" panel-name="suite-Default_suite" class="hide-methods passed suite-Default_suite"> (hide)</a> <!-- hide-methods passed suite-Default_suite -->
                      <a href="#" panel-name="suite-Default_suite" class="show-methods passed suite-Default_suite"> (show)</a> <!-- show-methods passed suite-Default_suite -->
                    </span>
                    <div class="method-list-content passed suite-Default_suite">
                      <span>
                        <img src="passed.png" width="3%"/>
                        <a href="#" panel-name="suite-Default_suite" title="com.test.DummyTester" class="method navigator-link" hash-for-method="EligiblilityCalculationTest(10000, 0, 50, 30, 1.67 Lac, 7000)">EligiblilityCalculationTest(10000, 0, 50, 30, 1.67 Lac, 7000)</a> <!-- method navigator-link -->
                      </span>
                      <br/>
                      <span>
                        <img src="passed.png" width="3%"/>
                        <a href="#" panel-name="suite-Default_suite" title="com.test.DummyTester" class="method navigator-link" hash-for-method="EligiblilityCalculationTest(100000000, 0, 50, 30, 167.99 Cr, 6.99 Cr)">EligiblilityCalculationTest(100000000, 0, 50, 30, 167.99 Cr, 6.99 Cr)</a> <!-- method navigator-link -->
                      </span>
                      <br/>
                      <span>
                        <img src="passed.png" width="3%"/>
                        <a href="#" panel-name="suite-Default_suite" title="com.test.DummyTester" class="method navigator-link" hash-for-method="EligiblilityCalculationTest(10001, 0, 50, 30, 1.68 Lac, 7000)">EligiblilityCalculationTest(10001, 0, 50, 30, 1.68 Lac, 7000)</a> <!-- method navigator-link -->
                      </span>
                      <br/>
                      <span>
                        <img src="passed.png" width="3%"/>
                        <a href="#" panel-name="suite-Default_suite" title="com.test.DummyTester" class="method navigator-link" hash-for-method="EligiblilityCalculationTest(99999999, 0, 50, 30, 167.99 Cr, 6.99 Cr)">EligiblilityCalculationTest(99999999, 0, 50, 30, 167.99 Cr, 6.99 Cr)</a> <!-- method navigator-link -->
                      </span>
                      <br/>
                      <span>
                        <img src="passed.png" width="3%"/>
                        <a href="#" panel-name="suite-Default_suite" title="com.test.DummyTester" class="method navigator-link" hash-for-method="OpenEMICalculator">OpenEMICalculator</a> <!-- method navigator-link -->
                      </span>
                      <br/>
                      <span>
                        <img src="passed.png" width="3%"/>
                        <a href="#" panel-name="suite-Default_suite" title="com.test.DummyTester" class="method navigator-link" hash-for-method="ValidateCalculations">ValidateCalculations</a> <!-- method navigator-link -->
                      </span>
                      <br/>
                      <span>
                        <img src="passed.png" width="3%"/>
                        <a href="#" panel-name="suite-Default_suite" title="com.test.DummyTester" class="method navigator-link" hash-for-method="ValidateErrForNoInputs">ValidateErrForNoInputs</a> <!-- method navigator-link -->
                      </span>
                      <br/>
                      <span>
                        <img src="passed.png" width="3%"/>
                        <a href="#" panel-name="suite-Default_suite" title="com.test.DummyTester" class="method navigator-link" hash-for-method="ValidateErrorMessage">ValidateErrorMessage</a> <!-- method navigator-link -->
                      </span>
                      <br/>
                    </div> <!-- method-list-content passed suite-Default_suite -->
                  </li>
                </ul>
              </div> <!-- suite-section-content -->
            </div> <!-- result-section -->
          </div> <!-- navigator-suite-content -->
        </div> <!-- rounded-window -->
      </div> <!-- suite -->
    </div> <!-- navigator-root -->
    <div class="wrapper">
      <div class="main-panel-root">
        <div panel-name="suite-Default_suite" class="panel Default_suite">
          <div class="suite-Default_suite-class-failed">
            <div class="main-panel-header rounded-window-top">
              <img src="failed.png"/>
              <span class="class-name">com.test.DummyTester</span>
            </div> <!-- main-panel-header rounded-window-top -->
            <div class="main-panel-content rounded-window-bottom">
              <div class="method">
                <div class="method-content">
                  <a name="EligibilityErrTest">
                  </a> <!-- EligibilityErrTest -->
                  <span class="method-name">EligibilityErrTest</span>
                  <div class="stack-trace">org.testng.internal.reflect.MethodMatcherException: 
[public void com.test.DummyTester.EligibilityErrTest(java.lang.String,java.lang.String,java.lang.String,java.lang.String)] has no parameters defined but was found to be using a data provider (either explicitly specified or inherited from class level annotation).
Data provider mismatch
Method: EligibilityErrTest([java.lang.String arg0, java.lang.String arg1, java.lang.String arg2, java.lang.String arg3])
Arguments: [(java.lang.String) 9999,(java.lang.String) 0,(java.lang.String) -1,(java.lang.String) 20,(java.lang.String) ,(java.lang.String) ]
	at org.testng.internal.reflect.DataProviderMethodMatcher.getConformingArguments(DataProviderMethodMatcher.java:46)
	at org.testng.internal.Parameters.injectParameters(Parameters.java:915)
	at org.testng.internal.invokers.MethodRunner.runInSequence(MethodRunner.java:50)
	at org.testng.internal.invokers.TestInvoker$MethodInvocationAgent.invoke(TestInvoker.java:995)
	at org.testng.internal.invokers.TestInvoker.invokeTestMethods(TestInvoker.java:203)
	at org.testng.internal.invokers.TestMethodWorker.invokeTestMethods(TestMethodWorker.java:154)
	at org.testng.internal.invokers.TestMethodWorker.run(TestMethodWorker.java:134)
	at java.base/java.util.ArrayList.forEach(ArrayList.java:1596)
	at org.testng.TestRunner.privateRun(TestRunner.java:741)
	at org.testng.TestRunner.run(TestRunner.java:616)
	at org.testng.SuiteRunner.runTest(SuiteRunner.java:421)
	at org.testng.SuiteRunner.runSequentially(SuiteRunner.java:413)
	at org.testng.SuiteRunner.privateRun(SuiteRunner.java:373)
	at org.testng.SuiteRunner.run(SuiteRunner.java:312)
	at org.testng.SuiteRunnerWorker.runSuite(SuiteRunnerWorker.java:52)
	at org.testng.SuiteRunnerWorker.run(SuiteRunnerWorker.java:95)
	at org.testng.TestNG.runSuitesSequentially(TestNG.java:1274)
	at org.testng.TestNG.runSuitesLocally(TestNG.java:1208)
	at org.testng.TestNG.runSuites(TestNG.java:1112)
	at org.testng.TestNG.run(TestNG.java:1079)
	at org.testng.remote.AbstractRemoteTestNG.run(AbstractRemoteTestNG.java:115)
	at org.testng.remote.RemoteTestNG.initAndRun(RemoteTestNG.java:293)
	at org.testng.remote.RemoteTestNG.main(RemoteTestNG.java:91)

</div> <!-- stack-trace -->
                </div> <!-- method-content -->
              </div> <!-- method -->
              <div class="method">
                <div class="method-content">
                  <a name="EligiblilityCalculationTest(10001, 0, 1, 5, 4.09 Lac, 7000)">
                  </a> <!-- EligiblilityCalculationTest(10001, 0, 1, 5, 4.09 Lac, 7000) -->
                  <span class="method-name">EligiblilityCalculationTest</span>
                  <span class="parameters">(10001,0,1,5,4.09 Lac,7000)</span>
                  <div class="stack-trace">java.lang.AssertionError: The following asserts failed:
	Eligible Loan Amount Validation expected [4.09 Lac] but found [21.76 Lac]
	at org.testng.asserts.SoftAssert.assertAll(SoftAssert.java:46)
	at org.testng.asserts.SoftAssert.assertAll(SoftAssert.java:30)
	at com.pages.LoanEligibilityCalculator.enterEligibilityCalculatorData(LoanEligibilityCalculator.java:78)
	at com.test.DummyTester.EligiblilityCalculationTest(DummyTester.java:62)
	at java.base/jdk.internal.reflect.DirectMethodHandleAccessor.invoke(DirectMethodHandleAccessor.java:103)
	at java.base/java.lang.reflect.Method.invoke(Method.java:580)
	at org.testng.internal.invokers.MethodInvocationHelper.invokeMethod(MethodInvocationHelper.java:141)
	at org.testng.internal.invokers.TestInvoker.invokeMethod(TestInvoker.java:687)
	at org.testng.internal.invokers.TestInvoker.invokeTestMethod(TestInvoker.java:230)
	at org.testng.internal.invokers.MethodRunner.runInSequence(MethodRunner.java:63)
	at org.testng.internal.invokers.TestInvoker$MethodInvocationAgent.invoke(TestInvoker.java:995)
	at org.testng.internal.invokers.TestInvoker.invokeTestMethods(TestInvoker.java:203)
	at org.testng.internal.invokers.TestMethodWorker.invokeTestMethods(TestMethodWorker.java:154)
	at org.testng.internal.invokers.TestMethodWorker.run(TestMethodWorker.java:134)
	at java.base/java.util.ArrayList.forEach(ArrayList.java:1596)
	at org.testng.TestRunner.privateRun(TestRunner.java:741)
	at org.testng.TestRunner.run(TestRunner.java:616)
	at org.testng.SuiteRunner.runTest(SuiteRunner.java:421)
	at org.testng.SuiteRunner.runSequentially(SuiteRunner.java:413)
	at org.testng.SuiteRunner.privateRun(SuiteRunner.java:373)
	at org.testng.SuiteRunner.run(SuiteRunner.java:312)
	at org.testng.SuiteRunnerWorker.runSuite(SuiteRunnerWorker.java:52)
	at org.testng.SuiteRunnerWorker.run(SuiteRunnerWorker.java:95)
	at org.testng.TestNG.runSuitesSequentially(TestNG.java:1274)
	at org.testng.TestNG.runSuitesLocally(TestNG.java:1208)
	at org.testng.TestNG.runSuites(TestNG.java:1112)
	at org.testng.TestNG.run(TestNG.java:1079)
	at org.testng.remote.AbstractRemoteTestNG.run(AbstractRemoteTestNG.java:115)
	at org.testng.remote.RemoteTestNG.initAndRun(RemoteTestNG.java:293)
	at org.testng.remote.RemoteTestNG.main(RemoteTestNG.java:91)

</div> <!-- stack-trace -->
                </div> <!-- method-content -->
              </div> <!-- method -->
              <div class="method">
                <div class="method-content">
                  <a name="EligiblilityCalculationTest(99999999, 0, 1, 5, 409.50 Cr, 6.99 Cr)">
                  </a> <!-- EligiblilityCalculationTest(99999999, 0, 1, 5, 409.50 Cr, 6.99 Cr) -->
                  <span class="method-name">EligiblilityCalculationTest</span>
                  <span class="parameters">(99999999,0,1,5,409.50 Cr,6.99 Cr)</span>
                  <div class="stack-trace">java.lang.AssertionError: The following asserts failed:
	Eligible Loan Amount Validation expected [409.50 Cr] but found [2176.34 Cr]
	at org.testng.asserts.SoftAssert.assertAll(SoftAssert.java:46)
	at org.testng.asserts.SoftAssert.assertAll(SoftAssert.java:30)
	at com.pages.LoanEligibilityCalculator.enterEligibilityCalculatorData(LoanEligibilityCalculator.java:78)
	at com.test.DummyTester.EligiblilityCalculationTest(DummyTester.java:62)
	at java.base/jdk.internal.reflect.DirectMethodHandleAccessor.invoke(DirectMethodHandleAccessor.java:103)
	at java.base/java.lang.reflect.Method.invoke(Method.java:580)
	at org.testng.internal.invokers.MethodInvocationHelper.invokeMethod(MethodInvocationHelper.java:141)
	at org.testng.internal.invokers.TestInvoker.invokeMethod(TestInvoker.java:687)
	at org.testng.internal.invokers.TestInvoker.invokeTestMethod(TestInvoker.java:230)
	at org.testng.internal.invokers.MethodRunner.runInSequence(MethodRunner.java:63)
	at org.testng.internal.invokers.TestInvoker$MethodInvocationAgent.invoke(TestInvoker.java:995)
	at org.testng.internal.invokers.TestInvoker.invokeTestMethods(TestInvoker.java:203)
	at org.testng.internal.invokers.TestMethodWorker.invokeTestMethods(TestMethodWorker.java:154)
	at org.testng.internal.invokers.TestMethodWorker.run(TestMethodWorker.java:134)
	at java.base/java.util.ArrayList.forEach(ArrayList.java:1596)
	at org.testng.TestRunner.privateRun(TestRunner.java:741)
	at org.testng.TestRunner.run(TestRunner.java:616)
	at org.testng.SuiteRunner.runTest(SuiteRunner.java:421)
	at org.testng.SuiteRunner.runSequentially(SuiteRunner.java:413)
	at org.testng.SuiteRunner.privateRun(SuiteRunner.java:373)
	at org.testng.SuiteRunner.run(SuiteRunner.java:312)
	at org.testng.SuiteRunnerWorker.runSuite(SuiteRunnerWorker.java:52)
	at org.testng.SuiteRunnerWorker.run(SuiteRunnerWorker.java:95)
	at org.testng.TestNG.runSuitesSequentially(TestNG.java:1274)
	at org.testng.TestNG.runSuitesLocally(TestNG.java:1208)
	at org.testng.TestNG.runSuites(TestNG.java:1112)
	at org.testng.TestNG.run(TestNG.java:1079)
	at org.testng.remote.AbstractRemoteTestNG.run(AbstractRemoteTestNG.java:115)
	at org.testng.remote.RemoteTestNG.initAndRun(RemoteTestNG.java:293)
	at org.testng.remote.RemoteTestNG.main(RemoteTestNG.java:91)

</div> <!-- stack-trace -->
                </div> <!-- method-content -->
              </div> <!-- method -->
              <div class="method">
                <div class="method-content">
                  <a name="EligiblilityCalculationTest(10000, 0, 1, 5, 4.09 Lac, 7000)">
                  </a> <!-- EligiblilityCalculationTest(10000, 0, 1, 5, 4.09 Lac, 7000) -->
                  <span class="method-name">EligiblilityCalculationTest</span>
                  <span class="parameters">(10000,0,1,5,4.09 Lac,7000)</span>
                  <div class="stack-trace">java.lang.AssertionError: The following asserts failed:
	Eligible Loan Amount Validation expected [4.09 Lac] but found [21.76 Lac]
	at org.testng.asserts.SoftAssert.assertAll(SoftAssert.java:46)
	at org.testng.asserts.SoftAssert.assertAll(SoftAssert.java:30)
	at com.pages.LoanEligibilityCalculator.enterEligibilityCalculatorData(LoanEligibilityCalculator.java:78)
	at com.test.DummyTester.EligiblilityCalculationTest(DummyTester.java:62)
	at java.base/jdk.internal.reflect.DirectMethodHandleAccessor.invoke(DirectMethodHandleAccessor.java:103)
	at java.base/java.lang.reflect.Method.invoke(Method.java:580)
	at org.testng.internal.invokers.MethodInvocationHelper.invokeMethod(MethodInvocationHelper.java:141)
	at org.testng.internal.invokers.TestInvoker.invokeMethod(TestInvoker.java:687)
	at org.testng.internal.invokers.TestInvoker.invokeTestMethod(TestInvoker.java:230)
	at org.testng.internal.invokers.MethodRunner.runInSequence(MethodRunner.java:63)
	at org.testng.internal.invokers.TestInvoker$MethodInvocationAgent.invoke(TestInvoker.java:995)
	at org.testng.internal.invokers.TestInvoker.invokeTestMethods(TestInvoker.java:203)
	at org.testng.internal.invokers.TestMethodWorker.invokeTestMethods(TestMethodWorker.java:154)
	at org.testng.internal.invokers.TestMethodWorker.run(TestMethodWorker.java:134)
	at java.base/java.util.ArrayList.forEach(ArrayList.java:1596)
	at org.testng.TestRunner.privateRun(TestRunner.java:741)
	at org.testng.TestRunner.run(TestRunner.java:616)
	at org.testng.SuiteRunner.runTest(SuiteRunner.java:421)
	at org.testng.SuiteRunner.runSequentially(SuiteRunner.java:413)
	at org.testng.SuiteRunner.privateRun(SuiteRunner.java:373)
	at org.testng.SuiteRunner.run(SuiteRunner.java:312)
	at org.testng.SuiteRunnerWorker.runSuite(SuiteRunnerWorker.java:52)
	at org.testng.SuiteRunnerWorker.run(SuiteRunnerWorker.java:95)
	at org.testng.TestNG.runSuitesSequentially(TestNG.java:1274)
	at org.testng.TestNG.runSuitesLocally(TestNG.java:1208)
	at org.testng.TestNG.runSuites(TestNG.java:1112)
	at org.testng.TestNG.run(TestNG.java:1079)
	at org.testng.remote.AbstractRemoteTestNG.run(AbstractRemoteTestNG.java:115)
	at org.testng.remote.RemoteTestNG.initAndRun(RemoteTestNG.java:293)
	at org.testng.remote.RemoteTestNG.main(RemoteTestNG.java:91)

</div> <!-- stack-trace -->
                </div> <!-- method-content -->
              </div> <!-- method -->
              <div class="method">
                <div class="method-content">
                  <a name="EligiblilityCalculationTest(100000000, 0, 1, 5, 409.50 Cr, 7 Cr)">
                  </a> <!-- EligiblilityCalculationTest(100000000, 0, 1, 5, 409.50 Cr, 7 Cr) -->
                  <span class="method-name">EligiblilityCalculationTest</span>
                  <span class="parameters">(100000000,0,1,5,409.50 Cr,7 Cr)</span>
                  <div class="stack-trace">java.lang.AssertionError: The following asserts failed:
	Eligible Loan Amount Validation expected [409.50 Cr] but found [2176.34 Cr]
	at org.testng.asserts.SoftAssert.assertAll(SoftAssert.java:46)
	at org.testng.asserts.SoftAssert.assertAll(SoftAssert.java:30)
	at com.pages.LoanEligibilityCalculator.enterEligibilityCalculatorData(LoanEligibilityCalculator.java:78)
	at com.test.DummyTester.EligiblilityCalculationTest(DummyTester.java:62)
	at java.base/jdk.internal.reflect.DirectMethodHandleAccessor.invoke(DirectMethodHandleAccessor.java:103)
	at java.base/java.lang.reflect.Method.invoke(Method.java:580)
	at org.testng.internal.invokers.MethodInvocationHelper.invokeMethod(MethodInvocationHelper.java:141)
	at org.testng.internal.invokers.TestInvoker.invokeMethod(TestInvoker.java:687)
	at org.testng.internal.invokers.TestInvoker.invokeTestMethod(TestInvoker.java:230)
	at org.testng.internal.invokers.MethodRunner.runInSequence(MethodRunner.java:63)
	at org.testng.internal.invokers.TestInvoker$MethodInvocationAgent.invoke(TestInvoker.java:995)
	at org.testng.internal.invokers.TestInvoker.invokeTestMethods(TestInvoker.java:203)
	at org.testng.internal.invokers.TestMethodWorker.invokeTestMethods(TestMethodWorker.java:154)
	at org.testng.internal.invokers.TestMethodWorker.run(TestMethodWorker.java:134)
	at java.base/java.util.ArrayList.forEach(ArrayList.java:1596)
	at org.testng.TestRunner.privateRun(TestRunner.java:741)
	at org.testng.TestRunner.run(TestRunner.java:616)
	at org.testng.SuiteRunner.runTest(SuiteRunner.java:421)
	at org.testng.SuiteRunner.runSequentially(SuiteRunner.java:413)
	at org.testng.SuiteRunner.privateRun(SuiteRunner.java:373)
	at org.testng.SuiteRunner.run(SuiteRunner.java:312)
	at org.testng.SuiteRunnerWorker.runSuite(SuiteRunnerWorker.java:52)
	at org.testng.SuiteRunnerWorker.run(SuiteRunnerWorker.java:95)
	at org.testng.TestNG.runSuitesSequentially(TestNG.java:1274)
	at org.testng.TestNG.runSuitesLocally(TestNG.java:1208)
	at org.testng.TestNG.runSuites(TestNG.java:1112)
	at org.testng.TestNG.run(TestNG.java:1079)
	at org.testng.remote.AbstractRemoteTestNG.run(AbstractRemoteTestNG.java:115)
	at org.testng.remote.RemoteTestNG.initAndRun(RemoteTestNG.java:293)
	at org.testng.remote.RemoteTestNG.main(RemoteTestNG.java:91)

</div> <!-- stack-trace -->
                </div> <!-- method-content -->
              </div> <!-- method -->
            </div> <!-- main-panel-content rounded-window-bottom -->
          </div> <!-- suite-Default_suite-class-failed -->
          <div class="suite-Default_suite-class-passed">
            <div class="main-panel-header rounded-window-top">
              <img src="passed.png"/>
              <span class="class-name">com.test.DummyTester</span>
            </div> <!-- main-panel-header rounded-window-top -->
            <div class="main-panel-content rounded-window-bottom">
              <div class="method">
                <div class="method-content">
                  <a name="EligiblilityCalculationTest(10000, 0, 50, 30, 1.67 Lac, 7000)">
                  </a> <!-- EligiblilityCalculationTest(10000, 0, 50, 30, 1.67 Lac, 7000) -->
                  <span class="method-name">EligiblilityCalculationTest</span>
                  <span class="parameters">(10000,0,50,30,1.67 Lac,7000)</span>
                </div> <!-- method-content -->
              </div> <!-- method -->
              <div class="method">
                <div class="method-content">
                  <a name="EligiblilityCalculationTest(100000000, 0, 50, 30, 167.99 Cr, 6.99 Cr)">
                  </a> <!-- EligiblilityCalculationTest(100000000, 0, 50, 30, 167.99 Cr, 6.99 Cr) -->
                  <span class="method-name">EligiblilityCalculationTest</span>
                  <span class="parameters">(100000000,0,50,30,167.99 Cr,6.99 Cr)</span>
                </div> <!-- method-content -->
              </div> <!-- method -->
              <div class="method">
                <div class="method-content">
                  <a name="EligiblilityCalculationTest(10001, 0, 50, 30, 1.68 Lac, 7000)">
                  </a> <!-- EligiblilityCalculationTest(10001, 0, 50, 30, 1.68 Lac, 7000) -->
                  <span class="method-name">EligiblilityCalculationTest</span>
                  <span class="parameters">(10001,0,50,30,1.68 Lac,7000)</span>
                </div> <!-- method-content -->
              </div> <!-- method -->
              <div class="method">
                <div class="method-content">
                  <a name="EligiblilityCalculationTest(99999999, 0, 50, 30, 167.99 Cr, 6.99 Cr)">
                  </a> <!-- EligiblilityCalculationTest(99999999, 0, 50, 30, 167.99 Cr, 6.99 Cr) -->
                  <span class="method-name">EligiblilityCalculationTest</span>
                  <span class="parameters">(99999999,0,50,30,167.99 Cr,6.99 Cr)</span>
                </div> <!-- method-content -->
              </div> <!-- method -->
              <div class="method">
                <div class="method-content">
                  <a name="OpenEMICalculator">
                  </a> <!-- OpenEMICalculator -->
                  <span class="method-name">OpenEMICalculator</span>
                </div> <!-- method-content -->
              </div> <!-- method -->
              <div class="method">
                <div class="method-content">
                  <a name="ValidateCalculations">
                  </a> <!-- ValidateCalculations -->
                  <span class="method-name">ValidateCalculations</span>
                </div> <!-- method-content -->
              </div> <!-- method -->
              <div class="method">
                <div class="method-content">
                  <a name="ValidateErrForNoInputs">
                  </a> <!-- ValidateErrForNoInputs -->
                  <span class="method-name">ValidateErrForNoInputs</span>
                </div> <!-- method-content -->
              </div> <!-- method -->
              <div class="method">
                <div class="method-content">
                  <a name="ValidateErrorMessage">
                  </a> <!-- ValidateErrorMessage -->
                  <span class="method-name">ValidateErrorMessage</span>
                </div> <!-- method-content -->
              </div> <!-- method -->
            </div> <!-- main-panel-content rounded-window-bottom -->
          </div> <!-- suite-Default_suite-class-passed -->
        </div> <!-- panel Default_suite -->
        <div panel-name="test-xml-Default_suite" class="panel">
          <div class="main-panel-header rounded-window-top">
            <span class="header-content">C:\Users\sanilped\AppData\Local\Temp\testng-eclipse-53924231\testng-customsuite.xml</span>
          </div> <!-- main-panel-header rounded-window-top -->
          <div class="main-panel-content rounded-window-bottom">
            <pre>
&lt;?xml version=&quot;1.0&quot; encoding=&quot;UTF-8&quot;?&gt;
&lt;!DOCTYPE suite SYSTEM &quot;https://testng.org/testng-1.0.dtd&quot;&gt;
&lt;suite name=&quot;Default suite&quot; guice-stage=&quot;DEVELOPMENT&quot;&gt;
  &lt;test thread-count=&quot;5&quot; name=&quot;Default test&quot; verbose=&quot;2&quot;&gt;
    &lt;classes&gt;
      &lt;class name=&quot;com.test.DummyTester&quot;/&gt;
    &lt;/classes&gt;
  &lt;/test&gt; &lt;!-- Default test --&gt;
&lt;/suite&gt; &lt;!-- Default suite --&gt;
            </pre>
          </div> <!-- main-panel-content rounded-window-bottom -->
        </div> <!-- panel -->
        <div panel-name="testlist-Default_suite" class="panel">
          <div class="main-panel-header rounded-window-top">
            <span class="header-content">Tests for Default suite</span>
          </div> <!-- main-panel-header rounded-window-top -->
          <div class="main-panel-content rounded-window-bottom">
            <ul>
              <li>
                <span class="test-name">Default test (1 class)</span>
              </li>
            </ul>
          </div> <!-- main-panel-content rounded-window-bottom -->
        </div> <!-- panel -->
        <div panel-name="group-Default_suite" class="panel">
          <div class="main-panel-header rounded-window-top">
            <span class="header-content">Groups for Default suite</span>
          </div> <!-- main-panel-header rounded-window-top -->
          <div class="main-panel-content rounded-window-bottom">
          </div> <!-- main-panel-content rounded-window-bottom -->
        </div> <!-- panel -->
        <div panel-name="times-Default_suite" class="panel">
          <div class="main-panel-header rounded-window-top">
            <span class="header-content">Times for Default suite</span>
          </div> <!-- main-panel-header rounded-window-top -->
          <div class="main-panel-content rounded-window-bottom">
            <div class="times-div">
              <script type="text/javascript">
suiteTableInitFunctions.push('tableData_Default_suite');
function tableData_Default_suite() {
var data = new google.visualization.DataTable();
data.addColumn('number', 'Number');
data.addColumn('string', 'Method');
data.addColumn('string', 'Class');
data.addColumn('number', 'Time (ms)');
data.addRows(13);
data.setCell(0, 0, 0)
data.setCell(0, 1, 'EligiblilityCalculationTest')
data.setCell(0, 2, 'com.test.DummyTester')
data.setCell(0, 3, 4400);
data.setCell(1, 0, 1)
data.setCell(1, 1, 'EligiblilityCalculationTest')
data.setCell(1, 2, 'com.test.DummyTester')
data.setCell(1, 3, 4105);
data.setCell(2, 0, 2)
data.setCell(2, 1, 'EligiblilityCalculationTest')
data.setCell(2, 2, 'com.test.DummyTester')
data.setCell(2, 3, 3983);
data.setCell(3, 0, 3)
data.setCell(3, 1, 'OpenEMICalculator')
data.setCell(3, 2, 'com.test.DummyTester')
data.setCell(3, 3, 3446);
data.setCell(4, 0, 4)
data.setCell(4, 1, 'EligiblilityCalculationTest')
data.setCell(4, 2, 'com.test.DummyTester')
data.setCell(4, 3, 2876);
data.setCell(5, 0, 5)
data.setCell(5, 1, 'EligiblilityCalculationTest')
data.setCell(5, 2, 'com.test.DummyTester')
data.setCell(5, 3, 2861);
data.setCell(6, 0, 6)
data.setCell(6, 1, 'EligiblilityCalculationTest')
data.setCell(6, 2, 'com.test.DummyTester')
data.setCell(6, 3, 2764);
data.setCell(7, 0, 7)
data.setCell(7, 1, 'EligiblilityCalculationTest')
data.setCell(7, 2, 'com.test.DummyTester')
data.setCell(7, 3, 2580);
data.setCell(8, 0, 8)
data.setCell(8, 1, 'EligiblilityCalculationTest')
data.setCell(8, 2, 'com.test.DummyTester')
data.setCell(8, 3, 2455);
data.setCell(9, 0, 9)
data.setCell(9, 1, 'ValidateCalculations')
data.setCell(9, 2, 'com.test.DummyTester')
data.setCell(9, 3, 990);
data.setCell(10, 0, 10)
data.setCell(10, 1, 'EligibilityErrTest')
data.setCell(10, 2, 'com.test.DummyTester')
data.setCell(10, 3, 816);
data.setCell(11, 0, 11)
data.setCell(11, 1, 'ValidateErrorMessage')
data.setCell(11, 2, 'com.test.DummyTester')
data.setCell(11, 3, 595);
data.setCell(12, 0, 12)
data.setCell(12, 1, 'ValidateErrForNoInputs')
data.setCell(12, 2, 'com.test.DummyTester')
data.setCell(12, 3, 380);
window.suiteTableData['Default_suite']= { tableData: data, tableDiv: 'times-div-Default_suite'}
return data;
}
              </script>
              <span class="suite-total-time">Total running time: 32 seconds</span>
              <div id="times-div-Default_suite">
              </div> <!-- times-div-Default_suite -->
            </div> <!-- times-div -->
          </div> <!-- main-panel-content rounded-window-bottom -->
        </div> <!-- panel -->
        <div panel-name="reporter-Default_suite" class="panel">
          <div class="main-panel-header rounded-window-top">
            <span class="header-content">Reporter output for Default suite</span>
          </div> <!-- main-panel-header rounded-window-top -->
          <div class="main-panel-content rounded-window-bottom">
          </div> <!-- main-panel-content rounded-window-bottom -->
        </div> <!-- panel -->
        <div panel-name="ignored-methods-Default_suite" class="panel">
          <div class="main-panel-header rounded-window-top">
            <span class="header-content">0 ignored methods</span>
          </div> <!-- main-panel-header rounded-window-top -->
          <div class="main-panel-content rounded-window-bottom">
          </div> <!-- main-panel-content rounded-window-bottom -->
        </div> <!-- panel -->
        <div panel-name="chronological-Default_suite" class="panel">
          <div class="main-panel-header rounded-window-top">
            <span class="header-content">Methods in chronological order</span>
          </div> <!-- main-panel-header rounded-window-top -->
          <div class="main-panel-content rounded-window-bottom">
            <div class="chronological-class">
              <div class="chronological-class-name">com.test.DummyTester</div> <!-- chronological-class-name -->
              <div class="configuration-suite before">
                <span class="method-name">reportGeneration</span>
                <span class="method-start">0 ms</span>
              </div> <!-- configuration-suite before -->
              <div class="configuration-class before">
                <span class="method-name">setupDriver</span>
                <span class="method-start">292 ms</span>
              </div> <!-- configuration-class before -->
              <div class="configuration-method before">
                <span class="method-name">reportTestCreation(public void com.test.DummyTester.OpenEMICalculator() throws java.io.IOException, org.testng.TestRunn...)</span>
                <span class="method-start">3527 ms</span>
              </div> <!-- configuration-method before -->
              <div class="test-method">
                <span class="method-name">OpenEMICalculator</span>
                <span class="method-start">3540 ms</span>
              </div> <!-- test-method -->
              <div class="configuration-method after">
                <span class="method-name">reportTestCompletion([TestResult name=OpenEMICalculator status=SUCCESS method=DummyTester.OpenEMICalculator()[pri:0, inst...)</span>
                <span class="method-start">6990 ms</span>
              </div> <!-- configuration-method after -->
              <div class="configuration-method before">
                <span class="method-name">reportTestCreation(public void com.test.DummyTester.ValidateCalculations(), org.testng.TestRunner@2bec068b)</span>
                <span class="method-start">7197 ms</span>
              </div> <!-- configuration-method before -->
              <div class="test-method">
                <span class="method-name">ValidateCalculations</span>
                <span class="method-start">7200 ms</span>
              </div> <!-- test-method -->
              <div class="configuration-method after">
                <span class="method-name">reportTestCompletion([TestResult name=ValidateCalculations status=SUCCESS method=DummyTester.ValidateCalculations()[pri:0...)</span>
                <span class="method-start">8196 ms</span>
              </div> <!-- configuration-method after -->
              <div class="test-method">
                <span class="method-name">ValidateErrorMessage</span>
                <span class="method-start">8415 ms</span>
              </div> <!-- test-method -->
              <div class="configuration-method before">
                <span class="method-name">reportTestCreation(public void com.test.DummyTester.ValidateErrorMessage(), org.testng.TestRunner@2bec068b)</span>
                <span class="method-start">8415 ms</span>
              </div> <!-- configuration-method before -->
              <div class="configuration-method after">
                <span class="method-name">reportTestCompletion([TestResult name=ValidateErrorMessage status=SUCCESS method=DummyTester.ValidateErrorMessage()[pri:0...)</span>
                <span class="method-start">9010 ms</span>
              </div> <!-- configuration-method after -->
              <div class="configuration-method before">
                <span class="method-name">reportTestCreation(public void com.test.DummyTester.ValidateErrForNoInputs(), org.testng.TestRunner@2bec068b)</span>
                <span class="method-start">9245 ms</span>
              </div> <!-- configuration-method before -->
              <div class="test-method">
                <span class="method-name">ValidateErrForNoInputs</span>
                <span class="method-start">9246 ms</span>
              </div> <!-- test-method -->
              <div class="configuration-method after">
                <span class="method-name">reportTestCompletion([TestResult name=ValidateErrForNoInputs status=SUCCESS method=DummyTester.ValidateErrForNoInputs()[p...)</span>
                <span class="method-start">9626 ms</span>
              </div> <!-- configuration-method after -->
              <div class="configuration-method before">
                <span class="method-name">reportTestCreation(public void com.test.DummyTester.EligiblilityCalculationTest(java.lang.String,java.lang.String,java....)</span>
                <span class="method-start">9885 ms</span>
              </div> <!-- configuration-method before -->
              <div class="test-method">
                <img src="failed.png">
                </img>
                <span class="method-name">EligiblilityCalculationTest(10000, 0, 1, 5, 4.09 Lac, 7000)</span>
                <span class="method-start">9886 ms</span>
              </div> <!-- test-method -->
              <div class="configuration-method after">
                <span class="method-name">reportTestCompletion([TestResult name=EligiblilityCalculationTest status=FAILURE method=DummyTester.EligiblilityCalculati...)</span>
                <span class="method-start">13875 ms</span>
              </div> <!-- configuration-method after -->
              <div class="configuration-method before">
                <span class="method-name">reportTestCreation(public void com.test.DummyTester.EligiblilityCalculationTest(java.lang.String,java.lang.String,java....)</span>
                <span class="method-start">14070 ms</span>
              </div> <!-- configuration-method before -->
              <div class="test-method">
                <img src="failed.png">
                </img>
                <span class="method-name">EligiblilityCalculationTest(10001, 0, 1, 5, 4.09 Lac, 7000)</span>
                <span class="method-start">14072 ms</span>
              </div> <!-- test-method -->
              <div class="configuration-method after">
                <span class="method-name">reportTestCompletion([TestResult name=EligiblilityCalculationTest status=FAILURE method=DummyTester.EligiblilityCalculati...)</span>
                <span class="method-start">18177 ms</span>
              </div> <!-- configuration-method after -->
              <div class="configuration-method before">
                <span class="method-name">reportTestCreation(public void com.test.DummyTester.EligiblilityCalculationTest(java.lang.String,java.lang.String,java....)</span>
                <span class="method-start">18391 ms</span>
              </div> <!-- configuration-method before -->
              <div class="test-method">
                <img src="failed.png">
                </img>
                <span class="method-name">EligiblilityCalculationTest(99999999, 0, 1, 5, 409.50 Cr, 6.99 Cr)</span>
                <span class="method-start">18391 ms</span>
              </div> <!-- test-method -->
              <div class="configuration-method after">
                <span class="method-name">reportTestCompletion([TestResult name=EligiblilityCalculationTest status=FAILURE method=DummyTester.EligiblilityCalculati...)</span>
                <span class="method-start">21274 ms</span>
              </div> <!-- configuration-method after -->
              <div class="configuration-method before">
                <span class="method-name">reportTestCreation(public void com.test.DummyTester.EligiblilityCalculationTest(java.lang.String,java.lang.String,java....)</span>
                <span class="method-start">21458 ms</span>
              </div> <!-- configuration-method before -->
              <div class="test-method">
                <img src="failed.png">
                </img>
                <span class="method-name">EligiblilityCalculationTest(100000000, 0, 1, 5, 409.50 Cr, 7 Cr)</span>
                <span class="method-start">21458 ms</span>
              </div> <!-- test-method -->
              <div class="configuration-method after">
                <span class="method-name">reportTestCompletion([TestResult name=EligiblilityCalculationTest status=FAILURE method=DummyTester.EligiblilityCalculati...)</span>
                <span class="method-start">23913 ms</span>
              </div> <!-- configuration-method after -->
              <div class="configuration-method before">
                <span class="method-name">reportTestCreation(public void com.test.DummyTester.EligiblilityCalculationTest(java.lang.String,java.lang.String,java....)</span>
                <span class="method-start">24107 ms</span>
              </div> <!-- configuration-method before -->
              <div class="test-method">
                <span class="method-name">EligiblilityCalculationTest(10000, 0, 50, 30, 1.67 Lac, 7000)</span>
                <span class="method-start">24109 ms</span>
              </div> <!-- test-method -->
              <div class="configuration-method after">
                <span class="method-name">reportTestCompletion([TestResult name=EligiblilityCalculationTest status=SUCCESS method=DummyTester.EligiblilityCalculati...)</span>
                <span class="method-start">26876 ms</span>
              </div> <!-- configuration-method after -->
              <div class="configuration-method before">
                <span class="method-name">reportTestCreation(public void com.test.DummyTester.EligiblilityCalculationTest(java.lang.String,java.lang.String,java....)</span>
                <span class="method-start">27058 ms</span>
              </div> <!-- configuration-method before -->
              <div class="test-method">
                <span class="method-name">EligiblilityCalculationTest(10001, 0, 50, 30, 1.68 Lac, 7000)</span>
                <span class="method-start">27058 ms</span>
              </div> <!-- test-method -->
              <div class="configuration-method after">
                <span class="method-name">reportTestCompletion([TestResult name=EligiblilityCalculationTest status=SUCCESS method=DummyTester.EligiblilityCalculati...)</span>
                <span class="method-start">29924 ms</span>
              </div> <!-- configuration-method after -->
              <div class="configuration-method before">
                <span class="method-name">reportTestCreation(public void com.test.DummyTester.EligiblilityCalculationTest(java.lang.String,java.lang.String,java....)</span>
                <span class="method-start">30132 ms</span>
              </div> <!-- configuration-method before -->
              <div class="test-method">
                <span class="method-name">EligiblilityCalculationTest(99999999, 0, 50, 30, 167.99 Cr, 6.99 Cr)</span>
                <span class="method-start">30135 ms</span>
              </div> <!-- test-method -->
              <div class="configuration-method after">
                <span class="method-name">reportTestCompletion([TestResult name=EligiblilityCalculationTest status=SUCCESS method=DummyTester.EligiblilityCalculati...)</span>
                <span class="method-start">32717 ms</span>
              </div> <!-- configuration-method after -->
              <div class="configuration-method before">
                <span class="method-name">reportTestCreation(public void com.test.DummyTester.EligiblilityCalculationTest(java.lang.String,java.lang.String,java....)</span>
                <span class="method-start">32905 ms</span>
              </div> <!-- configuration-method before -->
              <div class="test-method">
                <span class="method-name">EligiblilityCalculationTest(100000000, 0, 50, 30, 167.99 Cr, 6.99 Cr)</span>
                <span class="method-start">32906 ms</span>
              </div> <!-- test-method -->
              <div class="configuration-method after">
                <span class="method-name">reportTestCompletion([TestResult name=EligiblilityCalculationTest status=SUCCESS method=DummyTester.EligiblilityCalculati...)</span>
                <span class="method-start">37310 ms</span>
              </div> <!-- configuration-method after -->
              <div class="configuration-class after">
                <span class="method-name">testEnd</span>
                <span class="method-start">37501 ms</span>
              </div> <!-- configuration-class after -->
              <div class="configuration-suite after">
                <span class="method-name">reportCompletion</span>
                <span class="method-start">38041 ms</span>
              </div> <!-- configuration-suite after -->
          </div> <!-- main-panel-content rounded-window-bottom -->
        </div> <!-- panel -->
      </div> <!-- main-panel-root -->
    </div> <!-- wrapper -->
  </body>
<script type="text/javascript" src="testng-reports2.js"></script>
</html>
