<?xml version="1.0" encoding="UTF-8"?>
<testng-results ignored="0" total="2" passed="2" failed="0" skipped="0">
  <reporter-output>
  </reporter-output>
  <suite started-at="2025-10-31T17:48:25 IST" name="Default suite" finished-at="2025-10-31T17:48:34 IST" duration-ms="8546">
    <groups>
    </groups>
    <test started-at="2025-10-31T17:48:25 IST" name="Default test" finished-at="2025-10-31T17:48:34 IST" duration-ms="8546">
      <class name="com.test.DummyTester">
        <test-method is-config="true" signature="setupDriver()[pri:0, instance:com.test.DummyTester@7dcf94f8]" started-at="2025-10-31T17:48:26 IST" name="setupDriver" finished-at="2025-10-31T17:48:28 IST" duration-ms="2763" status="PASS">
          <reporter-output>
          </reporter-output>
        </test-method> <!-- setupDriver -->
        <test-method signature="test()[pri:0, instance:com.test.DummyTester@7dcf94f8]" started-at="2025-10-31T17:48:28 IST" name="test" finished-at="2025-10-31T17:48:33 IST" duration-ms="5102" status="PASS">
          <reporter-output>
          </reporter-output>
        </test-method> <!-- test -->
        <test-method signature="test2()[pri:0, instance:com.test.DummyTester@7dcf94f8]" started-at="2025-10-31T17:48:33 IST" name="test2" finished-at="2025-10-31T17:48:34 IST" depends-on-methods="com.test.DummyTester.test" duration-ms="616" status="PASS">
          <reporter-output>
          </reporter-output>
        </test-method> <!-- test2 -->
      </class> <!-- com.test.DummyTester -->
    </test> <!-- Default test -->
  </suite> <!-- Default suite -->
</testng-results>
