<?xml version="1.0" encoding="UTF-8"?>
<!-- Generated by org.testng.reporters.JUnitReportReporter -->
<testsuite hostname="LIN-5CD5335FK9" failures="0" tests="7" name="com.test.DummyTester" time="15.578" errors="1" timestamp="2025-11-05T17:28:54 IST" skipped="4">
  <testcase classname="com.test.DummyTester" name="EligiblilityCalculatorTest" time="5.432"/>
  <testcase classname="com.test.DummyTester" name="EligiblilityCalculatorTest" time="5.205"/>
  <testcase classname="com.test.DummyTester" name="EligiblilityCalculatorTest" time="4.941">
    <error message="element click intercepted: Element &lt;a href=&quot;javascript:void(0);&quot; class=&quot;hl__calc--btn&quot; id=&quot;submitbuttonEliCalid&quot; onclick=&quot;CALCULATORS.calculateEligibilityAction()&quot;&gt;...&lt;/a&gt; is not clickable at point (212, 558). Other element would receive the click: &lt;div class=&quot;hl__banner__flex&quot;&gt;...&lt;/div&gt;
  (Session info: chrome=142.0.7444.59)
Build info: version: &#039;4.36.0&#039;, revision: &#039;6d115cfd87&#039;
System info: os.name: &#039;Windows 11&#039;, os.arch: &#039;amd64&#039;, os.version: &#039;10.0&#039;, java.version: &#039;21.0.8&#039;
Driver info: org.openqa.selenium.chrome.ChromeDriver
Command: [5dcf32b66b10f8b301cf8891d4acdc09, clickElement {id=f.E49C199007CE766A2605DAEF0AD6638E.d.936367B570A088B9C8D3F9EC826EDA9B.e.150}]
Capabilities {acceptInsecureCerts: false, browserName: chrome, browserVersion: 142.0.7444.59, chrome: {chromedriverVersion: 142.0.7444.59 (4b8153ab58d3..., userDataDir: C:\Users\sanilped\AppData\L...}, fedcm:accounts: true, goog:chromeOptions: {debuggerAddress: localhost:57434}, goog:processID: 28228, networkConnectionEnabled: false, pageLoadStrategy: normal, platformName: windows, proxy: Proxy(), se:cdp: ws://localhost:57434/devtoo..., se:cdpVersion: 142.0.7444.59, setWindowRect: true, strictFileInteractability: false, timeouts: {implicit: 0, pageLoad: 300000, script: 30000}, unhandledPromptBehavior: dismiss and notify, webauthn:extension:credBlob: true, webauthn:extension:largeBlob: true, webauthn:extension:minPinLength: true, webauthn:extension:prf: true, webauthn:virtualAuthenticators: true}
Element: [[ChromeDriver: chrome on windows (5dcf32b66b10f8b301cf8891d4acdc09)] -&gt; xpath: //a[@id=&#039;submitbuttonEliCalid&#039;]]
Session ID: 5dcf32b66b10f8b301cf8891d4acdc09" type="org.openqa.selenium.ElementClickInterceptedException">
      <![CDATA[org.openqa.selenium.ElementClickInterceptedException: element click intercepted: Element <a href="javascript:void(0);" class="hl__calc--btn" id="submitbuttonEliCalid" onclick="CALCULATORS.calculateEligibilityAction()">...</a> is not clickable at point (212, 558). Other element would receive the click: <div class="hl__banner__flex">...</div>
  (Session info: chrome=142.0.7444.59)
Build info: version: '4.36.0', revision: '6d115cfd87'
System info: os.name: 'Windows 11', os.arch: 'amd64', os.version: '10.0', java.version: '21.0.8'
Driver info: org.openqa.selenium.chrome.ChromeDriver
Command: [5dcf32b66b10f8b301cf8891d4acdc09, clickElement {id=f.E49C199007CE766A2605DAEF0AD6638E.d.936367B570A088B9C8D3F9EC826EDA9B.e.150}]
Capabilities {acceptInsecureCerts: false, browserName: chrome, browserVersion: 142.0.7444.59, chrome: {chromedriverVersion: 142.0.7444.59 (4b8153ab58d3..., userDataDir: C:\Users\sanilped\AppData\L...}, fedcm:accounts: true, goog:chromeOptions: {debuggerAddress: localhost:57434}, goog:processID: 28228, networkConnectionEnabled: false, pageLoadStrategy: normal, platformName: windows, proxy: Proxy(), se:cdp: ws://localhost:57434/devtoo..., se:cdpVersion: 142.0.7444.59, setWindowRect: true, strictFileInteractability: false, timeouts: {implicit: 0, pageLoad: 300000, script: 30000}, unhandledPromptBehavior: dismiss and notify, webauthn:extension:credBlob: true, webauthn:extension:largeBlob: true, webauthn:extension:minPinLength: true, webauthn:extension:prf: true, webauthn:virtualAuthenticators: true}
Element: [[ChromeDriver: chrome on windows (5dcf32b66b10f8b301cf8891d4acdc09)] -> xpath: //a[@id='submitbuttonEliCalid']]
Session ID: 5dcf32b66b10f8b301cf8891d4acdc09
at java.base/jdk.internal.reflect.DirectConstructorHandleAccessor.newInstance(DirectConstructorHandleAccessor.java:62)
at java.base/java.lang.reflect.Constructor.newInstanceWithCaller(Constructor.java:502)
at java.base/java.lang.reflect.Constructor.newInstance(Constructor.java:486)
at org.openqa.selenium.remote.ErrorCodec.decode(ErrorCodec.java:167)
at org.openqa.selenium.remote.codec.w3c.W3CHttpResponseCodec.decode(W3CHttpResponseCodec.java:138)
at org.openqa.selenium.remote.codec.w3c.W3CHttpResponseCodec.decode(W3CHttpResponseCodec.java:50)
at org.openqa.selenium.remote.HttpCommandExecutor.execute(HttpCommandExecutor.java:215)
at org.openqa.selenium.remote.service.DriverCommandExecutor.invokeExecute(DriverCommandExecutor.java:216)
at org.openqa.selenium.remote.service.DriverCommandExecutor.execute(DriverCommandExecutor.java:174)
at org.openqa.selenium.remote.RemoteWebDriver.execute(RemoteWebDriver.java:557)
at org.openqa.selenium.remote.RemoteWebElement.execute(RemoteWebElement.java:223)
at org.openqa.selenium.remote.RemoteWebElement.click(RemoteWebElement.java:76)
at java.base/jdk.internal.reflect.DirectMethodHandleAccessor.invoke(DirectMethodHandleAccessor.java:103)
at java.base/java.lang.reflect.Method.invoke(Method.java:580)
at org.openqa.selenium.support.pagefactory.internal.LocatingElementHandler.invoke(LocatingElementHandler.java:51)
at jdk.proxy2/jdk.proxy2.$Proxy19.click(Unknown Source)
at com.pages.LoanEligibilityCalculator.enterEligibilityCalculatorData(LoanEligibilityCalculator.java:53)
at com.test.DummyTester.EligiblilityCalculatorTest(DummyTester.java:53)
at java.base/jdk.internal.reflect.DirectMethodHandleAccessor.invoke(DirectMethodHandleAccessor.java:103)
at java.base/java.lang.reflect.Method.invoke(Method.java:580)
at org.testng.internal.invokers.MethodInvocationHelper.invokeMethod(MethodInvocationHelper.java:141)
at org.testng.internal.invokers.TestInvoker.invokeMethod(TestInvoker.java:687)
at org.testng.internal.invokers.TestInvoker.invokeTestMethod(TestInvoker.java:230)
at org.testng.internal.invokers.MethodRunner.runInSequence(MethodRunner.java:63)
at org.testng.internal.invokers.TestInvoker$MethodInvocationAgent.invoke(TestInvoker.java:995)
at org.testng.internal.invokers.TestInvoker.invokeTestMethods(TestInvoker.java:203)
at org.testng.internal.invokers.TestMethodWorker.invokeTestMethods(TestMethodWorker.java:154)
at org.testng.internal.invokers.TestMethodWorker.run(TestMethodWorker.java:134)
at java.base/java.util.ArrayList.forEach(ArrayList.java:1596)
at org.testng.TestRunner.privateRun(TestRunner.java:741)
at org.testng.TestRunner.run(TestRunner.java:616)
at org.testng.SuiteRunner.runTest(SuiteRunner.java:421)
at org.testng.SuiteRunner.runSequentially(SuiteRunner.java:413)
at org.testng.SuiteRunner.privateRun(SuiteRunner.java:373)
at org.testng.SuiteRunner.run(SuiteRunner.java:312)
at org.testng.SuiteRunnerWorker.runSuite(SuiteRunnerWorker.java:52)
at org.testng.SuiteRunnerWorker.run(SuiteRunnerWorker.java:95)
at org.testng.TestNG.runSuitesSequentially(TestNG.java:1274)
at org.testng.TestNG.runSuitesLocally(TestNG.java:1208)
at org.testng.TestNG.runSuites(TestNG.java:1112)
at org.testng.TestNG.run(TestNG.java:1079)
at org.testng.remote.AbstractRemoteTestNG.run(AbstractRemoteTestNG.java:115)
at org.testng.remote.RemoteTestNG.initAndRun(RemoteTestNG.java:293)
at org.testng.remote.RemoteTestNG.main(RemoteTestNG.java:91)
]]>
    </error>
  </testcase> <!-- EligiblilityCalculatorTest -->
  <testcase classname="com.test.DummyTester" name="noInputTest">
    <skipped/>
  </testcase> <!-- noInputTest -->
  <testcase classname="com.test.DummyTester" name="test">
    <skipped/>
  </testcase> <!-- test -->
  <testcase classname="com.test.DummyTester" name="test2">
    <skipped/>
  </testcase> <!-- test2 -->
  <testcase classname="com.test.DummyTester" name="enterLoanDetailsInvalid">
    <skipped/>
  </testcase> <!-- enterLoanDetailsInvalid -->
</testsuite> <!-- com.test.DummyTester -->
